<?xml version="1.0" encoding="UTF-8" ?>
<testsuite errors="0" failures="0" hostname="MSI" name="com.oceanview.dao.RoomDAOTest" skipped="0" tests="6" time="0.36" timestamp="2026-03-05T18:49:43">
  <properties>
[...]
</properties>
  <testcase classname="com.oceanview.dao.RoomDAOTest" name="testUpdateRoomAvailability" time="0.188" />
  <testcase classname="com.oceanview.dao.RoomDAOTest" name="testAddRoom" time="0.009" />
  <testcase classname="com.oceanview.dao.RoomDAOTest" name="testGetAllRooms" time="0.025" />
  <testcase classname="com.oceanview.dao.RoomDAOTest" name="testUpdateRoomFull" time="0.037" />
  <testcase classname="com.oceanview.dao.RoomDAOTest" name="testDeleteRoom" time="0.017" />
  <testcase classname="com.oceanview.dao.RoomDAOTest" name="testGetRoomById" time="0.025" />
  <system-out><![CDATA[]]></system-out>
  <system-err><![CDATA[]]></system-err>
</testsuite>
